2025-09-07 17:27:23,629 - __main__ - INFO - Enhanced chatbot components initialized successfully
2025-09-07 17:27:23,640 - __main__ - INFO - Database tables created successfully
2025-09-07 17:44:56,665 - backend.main - INFO - Enhanced chatbot components initialized successfully
2025-09-07 17:44:56,677 - backend.main - INFO - Database tables created successfully
2025-09-07 18:03:24,380 - backend.main - INFO - Enhanced chatbot components initialized successfully
2025-09-07 18:03:24,390 - backend.main - INFO - Database tables created successfully
2025-09-07 18:10:12,426 - backend.main - INFO - Enhanced chatbot components initialized successfully
2025-09-07 18:10:12,436 - backend.main - INFO - Database tables created successfully
2025-09-07 18:10:33,318 - main - INFO - Enhanced chatbot components initialized successfully
2025-09-07 18:10:33,325 - main - INFO - Database tables created successfully
2025-09-07 18:10:42,869 - main - INFO - Enhanced chatbot components initialized successfully
2025-09-07 18:10:42,876 - main - INFO - Database tables created successfully
2025-09-07 18:21:00,948 - backend.main - INFO - Enhanced chatbot components initialized successfully
2025-09-07 18:21:00,957 - backend.main - INFO - Database tables created successfully
2025-09-07 18:25:41,902 - __main__ - INFO - Enhanced chatbot components initialized successfully
2025-09-07 18:25:41,910 - __main__ - INFO - Database tables created successfully
2025-09-07 19:38:59,603 - backend.main - INFO - Enhanced chatbot components initialized successfully
2025-09-07 19:38:59,612 - backend.main - INFO - Database tables created successfully
2025-09-07 19:45:42,438 - backend.main - INFO - Enhanced chatbot components initialized successfully
2025-09-07 19:45:42,451 - backend.main - INFO - Database tables created successfully
2025-09-07 19:46:24,596 - backend.main - INFO - Enhanced chatbot components initialized successfully
2025-09-07 19:46:24,607 - backend.main - INFO - Database tables created successfully
2025-09-07 20:46:24,427 - __main__ - INFO - Enhanced chatbot components initialized successfully
2025-09-07 20:46:24,440 - __main__ - INFO - Database tables created successfully
